reports/com-android-application/8-5-0-to-8-13-2/run-26555936735/run-26555936735/phase1/before/shared/build/outputs/logs/manifest-merger-release-report.txt
-- Merging decision tree log ---
manifest
ADDED from ProcessLibraryManifest/release/tempAndroidManifest6712872570666565732.xml:2:13-83
INJECTED from ProcessLibraryManifest/release/tempAndroidManifest6712872570666565732.xml:2:13-83
	package
		INJECTED from ProcessLibraryManifest/release/tempAndroidManifest6712872570666565732.xml
	xmlns:android
		ADDED from ProcessLibraryManifest/release/tempAndroidManifest6712872570666565732.xml:2:23-81
uses-sdk
INJECTED from ProcessLibraryManifest/release/tempAndroidManifest6712872570666565732.xml reason: use-sdk injection requested
INJECTED from ProcessLibraryManifest/release/tempAndroidManifest6712872570666565732.xml
INJECTED from ProcessLibraryManifest/release/tempAndroidManifest6712872570666565732.xml
	android:targetSdkVersion
		INJECTED from ProcessLibraryManifest/release/tempAndroidManifest6712872570666565732.xml
	android:minSdkVersion
		INJECTED from ProcessLibraryManifest/release/tempAndroidManifest6712872570666565732.xml